[debug] [2022-03-29T09:20:09.994Z] ----------------------------------------------------------------------
[debug] [2022-03-29T09:20:09.996Z] Command:       C:\Program Files\nodejs\node.exe C:\Users\User\AppData\Roaming\npm\node_modules\firebase-tools\lib\bin\firebase.js init hosting
[debug] [2022-03-29T09:20:09.997Z] CLI Version:   10.5.0
[debug] [2022-03-29T09:20:09.997Z] Platform:      win32
[debug] [2022-03-29T09:20:09.997Z] Node Version:  v16.14.0
[debug] [2022-03-29T09:20:09.999Z] Time:          Tue Mar 29 2022 15:20:09 GMT+0600 (Bangladesh Standard Time)
[debug] [2022-03-29T09:20:09.999Z] ----------------------------------------------------------------------
[debug] 
[debug] [2022-03-29T09:20:10.089Z] > command requires scopes: ["email","openid","https://www.googleapis.com/auth/cloudplatformprojects.readonly","https://www.googleapis.com/auth/firebase","https://www.googleapis.com/auth/cloud-platform"]
[debug] [2022-03-29T09:20:10.090Z] > authorizing via signed-in user (fuhadrare444@gmail.com)
[info] 
     ######## #### ########  ######## ########     ###     ######  ########
     ##        ##  ##     ## ##       ##     ##  ##   ##  ##       ##
     ######    ##  ########  ######   ########  #########  ######  ######
     ##        ##  ##    ##  ##       ##     ## ##     ##       ## ##
     ##       #### ##     ## ######## ########  ##     ##  ######  ########

You're about to initialize a Firebase project in this directory:

  C:\Webdevelopment\job-task-project-1

Before we get started, keep in mind:

  * You are currently outside your home directory
  * You are initializing within an existing Firebase project directory

[info] 
=== Project Setup
[info] 
[info] First, let's associate this project directory with a Firebase project.
[info] You can create multiple project aliases by running firebase use --add, 
[info] but for now we'll just set up a default project.
[info] 
[debug] [2022-03-29T09:20:12.200Z] Using project from CLI flag: sanshin-project-nub-1
[debug] [2022-03-29T09:20:12.203Z] >>> [apiv2][query] GET https://firebase.googleapis.com/v1beta1/projects/sanshin-project-nub-1 [none]
[debug] [2022-03-29T09:20:13.792Z] <<< [apiv2][status] GET https://firebase.googleapis.com/v1beta1/projects/sanshin-project-nub-1 200
[debug] [2022-03-29T09:20:13.793Z] <<< [apiv2][body] GET https://firebase.googleapis.com/v1beta1/projects/sanshin-project-nub-1 {"projectId":"sanshin-project-nub-1","projectNumber":"684605167953","displayName":"Sanshin-project-nub-1","name":"projects/sanshin-project-nub-1","resources":{"hostingSite":"sanshin-project-nub-1"},"state":"ACTIVE"}
[info] i  Using project sanshin-project-nub-1 (Sanshin-project-nub-1) 
[info] 
=== Hosting Setup
[info] 
[info] Your public directory is the folder (relative to your project directory) that
[info] will contain Hosting assets to be uploaded with firebase deploy. If you
[info] have a build process for your assets, use your build's output directory.
[info] 
[debug] [2022-03-29T09:20:22.862Z] >>> [apiv2][query] GET https://www.gstatic.com/firebasejs/releases.json [none]
[debug] [2022-03-29T09:20:23.950Z] <<< [apiv2][status] GET https://www.gstatic.com/firebasejs/releases.json 200
[debug] [2022-03-29T09:20:23.951Z] <<< [apiv2][body] GET https://www.gstatic.com/firebasejs/releases.json {"current":{"version":"9.6.10","browserURL":"https://www.gstatic.com/firebasejs/9.6.10/firebase.js","packageURL":"https://www.gstatic.com/firebasejs/9.6.10/firebase.tgz"},"live":{"version":"9.6","browserURL":"https://www.gstatic.com/firebasejs/live/9.6/firebase.js","packageURL":"https://www.gstatic.com/firebasejs/live/9.6/firebase.tgz"},"components":{"analytics":"https://www.gstatic.com/firebasejs/9.6.10/firebase-analytics.js","app":"https://www.gstatic.com/firebasejs/9.6.10/firebase-app.js","app-check":"https://www.gstatic.com/firebasejs/9.6.10/firebase-app-check.js","auth":"https://www.gstatic.com/firebasejs/9.6.10/firebase-auth.js","auth/cordova":"https://www.gstatic.com/firebasejs/9.6.10/firebase-auth/cordova.js","auth/react-native":"https://www.gstatic.com/firebasejs/9.6.10/firebase-auth/react-native.js","functions":"https://www.gstatic.com/firebasejs/9.6.10/firebase-functions.js","firestore":"https://www.gstatic.com/firebasejs/9.6.10/firebase-firestore.js","firestore/lite":"https://www.gstatic.com/firebasejs/9.6.10/firebase-firestore/lite.js","storage":"https://www.gstatic.com/firebasejs/9.6.10/firebase-storage.js","performance":"https://www.gstatic.com/firebasejs/9.6.10/firebase-performance.js","remote-config":"https://www.gstatic.com/firebasejs/9.6.10/firebase-remote-config.js","messaging":"https://www.gstatic.com/firebasejs/9.6.10/firebase-messaging.js","messaging/sw":"https://www.gstatic.com/firebasejs/9.6.10/firebase-messaging/sw.js","database":"https://www.gstatic.com/firebasejs/9.6.10/firebase-database.js","firestore.memory":"https://www.gstatic.com/firebasejs/9.6.10/firebase-firestore.memory.js"}}
[info] +  Wrote y/index.html 
[info] 
[info] i  Detected a .git folder at C:\Webdevelopment\job-task-project-1 
[info] i  Authorizing with GitHub to upload your service account to a GitHub repository's secrets store. 
[info] 
[info] Visit this URL on this device to log in:
[info] https://github.com/login/oauth/authorize?client_id=89cf50f02ac6aaed3484&state=49585930&redirect_uri=http%3A%2F%2Flocalhost%3A9005&scope=read%3Auser%20repo%20public_repo
[info] 
[info] Waiting for authentication...
[debug] [2022-03-29T09:20:29.295Z] >>> HTTP REQUEST POST https://github.com/login/oauth/access_token  
 {"client_id":"89cf50f02ac6aaed3484","client_secret":"3330d14abc895d9a74d5f17cd7a00711fa2c5bf0","code":"978d742e7ccedc44196e","redirect_uri":"http://localhost:9005","state":"49585930"}
[debug] [2022-03-29T09:20:31.734Z] <<< HTTP RESPONSE 200 {"server":"GitHub.com","date":"Tue, 29 Mar 2022 09:20:35 GMT","content-type":"application/json; charset=utf-8","transfer-encoding":"chunked","vary":"X-PJAX, X-PJAX-Container, Accept-Encoding, Accept, X-Requested-With","permissions-policy":"interest-cohort=()","etag":"W/\"37db5b4f0855802190d48839a49b3c65\"","cache-control":"max-age=0, private, must-revalidate","strict-transport-security":"max-age=31536000; includeSubdomains; preload","x-frame-options":"deny","x-content-type-options":"nosniff","x-xss-protection":"0","referrer-policy":"origin-when-cross-origin, strict-origin-when-cross-origin","expect-ct":"max-age=2592000, report-uri=\"https://api.github.com/_private/browser/errors\"","content-security-policy":"default-src 'none'; base-uri 'self'; block-all-mixed-content; child-src github.com/assets-cdn/worker/ gist.github.com/assets-cdn/worker/; connect-src 'self' uploads.github.com objects-origin.githubusercontent.com www.githubstatus.com collector.githubapp.com collector.github.com api.github.com github-cloud.s3.amazonaws.com github-production-repository-file-5c1aeb.s3.amazonaws.com github-production-upload-manifest-file-7fdce7.s3.amazonaws.com github-production-user-asset-6210df.s3.amazonaws.com cdn.optimizely.com logx.optimizely.com/v1/events translator.github.com wss://alive.github.com; font-src github.githubassets.com; form-action 'self' github.com gist.github.com objects-origin.githubusercontent.com; frame-ancestors 'none'; frame-src render.githubusercontent.com viewscreen.githubusercontent.com notebooks.githubusercontent.com; img-src 'self' data: github.githubassets.com identicons.github.com collector.githubapp.com collector.github.com github-cloud.s3.amazonaws.com secured-user-images.githubusercontent.com/ *.githubusercontent.com; manifest-src 'self'; media-src github.com user-images.githubusercontent.com/; script-src github.githubassets.com; style-src 'unsafe-inline' github.githubassets.com; worker-src github.com/assets-cdn/worker/ gist.github.com/assets-cdn/worker/","x-github-request-id":"3675:7102:15450CD:1A3AA4C:6242CF62"}
[debug] [2022-03-29T09:20:31.775Z] >>> [apiv2][query] GET https://api.github.com/user [none]
[debug] [2022-03-29T09:20:33.373Z] <<< [apiv2][status] GET https://api.github.com/user 200
[debug] [2022-03-29T09:20:33.374Z] <<< [apiv2][body] GET https://api.github.com/user {"login":"Fuhad1998","id":86714153,"node_id":"MDQ6VXNlcjg2NzE0MTUz","avatar_url":"https://avatars.githubusercontent.com/u/86714153?v=4","gravatar_id":"","url":"https://api.github.com/users/Fuhad1998","html_url":"https://github.com/Fuhad1998","followers_url":"https://api.github.com/users/Fuhad1998/followers","following_url":"https://api.github.com/users/Fuhad1998/following{/other_user}","gists_url":"https://api.github.com/users/Fuhad1998/gists{/gist_id}","starred_url":"https://api.github.com/users/Fuhad1998/starred{/owner}{/repo}","subscriptions_url":"https://api.github.com/users/Fuhad1998/subscriptions","organizations_url":"https://api.github.com/users/Fuhad1998/orgs","repos_url":"https://api.github.com/users/Fuhad1998/repos","events_url":"https://api.github.com/users/Fuhad1998/events{/privacy}","received_events_url":"https://api.github.com/users/Fuhad1998/received_events","type":"User","site_admin":false,"name":"Md FUWAD HOSSIAN","company":null,"blog":"","location":null,"email":null,"hireable":null,"bio":null,"twitter_username":null,"public_repos":32,"public_gists":0,"followers":0,"following":0,"created_at":"2021-06-30T08:59:50Z","updated_at":"2022-03-28T09:45:44Z","private_gists":0,"total_private_repos":2,"owned_private_repos":2,"disk_usage":61553,"collaborators":0,"two_factor_authentication":false,"plan":{"name":"free","space":976562499,"collaborators":0,"private_repos":10000}}
[info] 
[info] +  Success! Logged into GitHub as Fuhad1998 
[info] 
[debug] [2022-03-29T09:20:50.061Z] >>> [apiv2][query] GET https://api.github.com/repos//actions/secrets/public-key type=owner
[debug] [2022-03-29T09:20:50.220Z] >>> [apiv2][query] GET https://api.github.com/repos//actions/secrets/public-key type=owner
[debug] [2022-03-29T09:20:50.396Z] >>> [apiv2][query] GET https://api.github.com/repos//actions/secrets/public-key type=owner
[debug] [2022-03-29T09:20:50.556Z] >>> [apiv2][query] GET https://api.github.com/repos//actions/secrets/public-key type=owner
[debug] [2022-03-29T09:20:51.371Z] <<< [apiv2][status] GET https://api.github.com/repos//actions/secrets/public-key 404
[debug] [2022-03-29T09:20:51.372Z] <<< [apiv2][body] GET https://api.github.com/repos//actions/secrets/public-key {"message":"Not Found","documentation_url":"https://docs.github.com/rest"}
[debug] [2022-03-29T09:20:51.728Z] <<< [apiv2][status] GET https://api.github.com/repos//actions/secrets/public-key 404
[debug] [2022-03-29T09:20:51.729Z] <<< [apiv2][body] GET https://api.github.com/repos//actions/secrets/public-key {"message":"Not Found","documentation_url":"https://docs.github.com/rest"}
[debug] [2022-03-29T09:20:51.732Z] <<< [apiv2][status] GET https://api.github.com/repos//actions/secrets/public-key 404
[debug] [2022-03-29T09:20:51.733Z] <<< [apiv2][body] GET https://api.github.com/repos//actions/secrets/public-key {"message":"Not Found","documentation_url":"https://docs.github.com/rest"}
[debug] [2022-03-29T09:20:52.021Z] <<< [apiv2][status] GET https://api.github.com/repos//actions/secrets/public-key 404
[debug] [2022-03-29T09:20:52.021Z] <<< [apiv2][body] GET https://api.github.com/repos//actions/secrets/public-key {"message":"Not Found","documentation_url":"https://docs.github.com/rest"}
